info|2019-12-11 20:37:33.125990|[g:1][CONSENSUS][PBFT]checkAndChangeView: Reach consensus,org_view=32,org_changeCycle=0,cur_changeCycle=0,to_view=33
info|2019-12-11 20:37:34.128149|[g:1][CONSENSUS]addRawPrepare,height=68,reqIdx=0,hash=623b23e8...
info|2019-12-11 20:37:34.128407|[g:1][CONSENSUS][PBFT]checkTimeout Succ,view=33,toView=34,nodeIdx=1,changeCycle=0,myNode=828ee74c...,timecost=0.22
info|2019-12-11 20:37:34.137132|[g:1][CONSENSUS][PBFT]checkAndChangeView: Reach consensus,org_view=33,org_changeCycle=0,cur_changeCycle=0,to_view=34
info|2019-12-11 20:37:35.138018|[g:1][CONSENSUS][SEALER]++++++++++++++++ Generating seal on,blkNum=68,tx=0,nodeIdx=1,hash=8d2fe3bb...
info|2019-12-11 20:37:35.147391|[g:1][CONSENSUS][PBFT]checkTimeout Succ,view=34,toView=35,nodeIdx=1,changeCycle=0,myNode=828ee74c...,timecost=0.257
info|2019-12-11 20:37:35.150469|[g:1][CONSENSUS][PBFT]checkAndChangeView: Reach consensus,org_view=34,org_changeCycle=0,cur_changeCycle=0,to_view=35
info|2019-12-11 20:37:35.582238|[P2P][Service] heartBeat,connected count=3
info|2019-12-11 20:37:36.151008|[g:1][CONSENSUS]addRawPrepare,height=68,reqIdx=2,hash=c666b4db...
info|2019-12-11 20:37:36.151260|[g:1][CONSENSUS][PBFT]checkTimeout Succ,view=35,toView=36,nodeIdx=1,changeCycle=0,myNode=828ee74c...,timecost=0.219
info|2019-12-11 20:37:36.155964|[g:1][CONSENSUS][PBFT]checkAndChangeView: Reach consensus,org_view=35,org_changeCycle=0,cur_changeCycle=0,to_view=36
info|2019-12-11 20:37:37.163797|[g:1][CONSENSUS]addRawPrepare,height=68,reqIdx=3,hash=48c3cbad...
info|2019-12-11 20:37:37.164081|[g:1][CONSENSUS][PBFT]checkTimeout Succ,view=36,toView=37,nodeIdx=1,changeCycle=0,myNode=828ee74c...,timecost=0.205
info|2019-12-11 20:37:37.167948|[g:1][CONSENSUS][PBFT]checkAndChangeView: Reach consensus,org_view=36,org_changeCycle=0,cur_changeCycle=0,to_view=37
info|2019-12-11 20:37:38.172284|[g:1][CONSENSUS]addRawPrepare,height=68,reqIdx=0,hash=bc36f327...
info|2019-12-11 20:37:38.172539|[g:1][CONSENSUS][PBFT]checkTimeout Succ,view=37,toView=38,nodeIdx=1,changeCycle=0,myNode=828ee74c...,timecost=0.233
info|2019-12-11 20:37:38.174762|[g:1][CONSENSUS][PBFT]checkAndChangeView: Reach consensus,org_view=37,org_changeCycle=0,cur_changeCycle=0,to_view=38
info|2019-12-11 20:37:39.177572|[g:1][CONSENSUS][SEALER]++++++++++++++++ Generating seal on,blkNum=68,tx=0,nodeIdx=1,hash=291ad280...
info|2019-12-11 20:37:39.188461|[g:1][CONSENSUS][PBFT]checkTimeout Succ,view=38,toView=39,nodeIdx=1,changeCycle=0,myNode=828ee74c...,timecost=0.231
info|2019-12-11 20:37:39.189518|[g:1][CONSENSUS][PBFT]checkAndChangeView: Reach consensus,org_view=38,org_changeCycle=0,cur_changeCycle=0,to_view=39
info|2019-12-11 20:37:40.186287|[g:1][CONSENSUS]addRawPrepare,height=68,reqIdx=2,hash=51304e51...
info|2019-12-11 20:37:40.186537|[g:1][CONSENSUS][PBFT]checkTimeout Succ,view=39,toView=40,nodeIdx=1,changeCycle=0,myNode=828ee74c...,timecost=0.22
info|2019-12-11 20:37:40.192706|[g:1][CONSENSUS][PBFT]checkAndChangeView: Reach consensus,org_view=39,org_changeCycle=0,cur_changeCycle=0,to_view=40
info|2019-12-11 20:37:41.196902|[g:1][CONSENSUS]addRawPrepare,height=68,reqIdx=3,hash=80023bea...
info|2019-12-11 20:37:41.197179|[g:1][CONSENSUS][PBFT]checkTimeout Succ,view=40,toView=41,nodeIdx=1,changeCycle=0,myNode=828ee74c...,timecost=0.203
info|2019-12-11 20:37:41.206532|[g:1][CONSENSUS][PBFT]checkAndChangeView: Reach consensus,org_view=40,org_changeCycle=0,cur_changeCycle=0,to_view=41
info|2019-12-11 20:37:42.210285|[g:1][CONSENSUS]addRawPrepare,height=68,reqIdx=0,hash=87c9fc2c...
info|2019-12-11 20:37:42.210521|[g:1][CONSENSUS][PBFT]checkTimeout Succ,view=41,toView=42,nodeIdx=1,changeCycle=0,myNode=828ee74c...,timecost=0.209
info|2019-12-11 20:37:42.214956|[g:1][CONSENSUS][PBFT]checkAndChangeView: Reach consensus,org_view=41,org_changeCycle=0,cur_changeCycle=0,to_view=42
info|2019-12-11 20:37:43.219860|[g:1][CONSENSUS][SEALER]++++++++++++++++ Generating seal on,blkNum=68,tx=0,nodeIdx=1,hash=b5393a27...
info|2019-12-11 20:37:43.239023|[g:1][CONSENSUS][PBFT]checkTimeout Succ,view=42,toView=43,nodeIdx=1,changeCycle=0info|2019-12-11 20:37:45.583099|[P2P][Service] heartBeat,connected count=3
info|2019-12-11 20:37:46.264332|[g:1][CONSENSUS]addRawPrepare,height=68,reqIdx=0,hash=8b79812c...
info|2019-12-11 20:37:46.264656|[g:1][CONSENSUS][PBFT]checkTimeout Succ,view=45,toView=46,nodeIdx=1,changeCycle=0,myNode=828ee74c...,timecost=0.245
info|2019-12-11 20:37:46.268755|[g:1][CONSENSUS][PBFT]checkAndChangeView: Reach consensus,org_view=45,org_changeCycle=0,cur_changeCycle=0,to_view=46
info|2019-12-11 20:37:47.269373|[g:1][CONSENSUS][SEALER]++++++++++++++++ Generating seal on,blkNum=68,tx=0,nodeIdx=1,hash=71b2de6d...
info|2019-12-11 20:37:47.281882|[g:1][CONSENSUS][PBFT]checkTimeout Succ,view=46,toView=47,nodeIdx=1,changeCycle=0,myNode=828ee74c...,timecost=0.253
info|2019-12-11 20:37:47.284292|[g:1][CONSENSUS][PBFT]checkAndChangeView: Reach consensus,org_view=46,org_changeCycle=0,cur_changeCycle=0,to_view=47
info|2019-12-11 20:37:48.281511|[g:1][CONSENSUS]addRawPrepare,height=68,reqIdx=2,hash=417b1f38...
info|2019-12-11 20:37:48.281753|[g:1][CONSENSUS][PBFT]checkTimeout Succ,view=47,toView=48,nodeIdx=1,changeCycle=0,myNode=828ee74c...,timecost=0.218
info|2019-12-11 20:37:48.285809|[g:1][CONSENSUS][PBFT]checkAndChangeView: Reach consensus,org_view=47,org_changeCycle=0,cur_changeCycle=0,to_view=48
info|2019-12-11 20:37:49.288942|[g:1][CONSENSUS]addRawPrepare,height=68,reqIdx=3,hash=1de7ca68...
info|2019-12-11 20:37:49.289221|[g:1][CONSENSUS][PBFT]checkTimeout Succ,view=48,toView=49,nodeIdx=1,changeCycle=0,myNode=828ee74c...,timecost=0.199
info|2019-12-11 20:37:49.295841|[g:1][CONSENSUS][PBFT]checkAndChangeView: Reach consensus,org_view=48,org_changeCycle=0,cur_changeCycle=0,to_view=49
info|2019-12-11 20:37:50.299073|[g:1][CONSENSUS]addRawPrepare,height=68,reqIdx=0,hash=f57c2f62...
info|2019-12-11 20:37:50.299444|[g:1][CONSENSUS][PBFT]checkTimeout Succ,view=49,toView=50,nodeIdx=1,changeCycle=0,myNode=828ee74c...,timecost=0.207
info|2019-12-11 20:37:50.307918|[g:1][CONSENSUS][PBFT]checkAndChangeView: Reach consensus,org_view=49,org_changeCycle=0,cur_changeCycle=0,to_view=50
info|2019-12-11 20:37:51.311809|[g:1][CONSENSUS][SEALER]++++++++++++++++ Generating seal on,blkNum=68,tx=0,nodeIdx=1,hash=9e44512f...
info|2019-12-11 20:37:51.322715|[g:1][CONSENSUS][PBFT]checkTimeout Succ,view=50,toView=51,nodeIdx=1,changeCycle=0,myNode=828ee74c...,timecost=0.217
info|2019-12-11 20:37:51.326617|[g:1][CONSENSUS][PBFT]checkAndChangeView: Reach consensus,org_view=50,org_changeCycle=0,cur_changeCycle=0,to_view=51
info|2019-12-11 20:37:52.324933|[g:1][CONSENSUS]addRawPrepare,height=68,reqIdx=2,hash=8fdbf7d9...
info|2019-12-11 20:37:52.327491|[g:1][CONSENSUS][PBFT]checkTimeout Succ,view=51,toView=52,nodeIdx=1,changeCycle=0,myNode=828ee74c...,timecost=2.531
info|2019-12-11 20:37:52.329028|[g:1][CONSENSUS][PBFT]checkAndChangeView: Reach consensus,org_view=51,org_changeCycle=0,cur_changeCycle=0,to_view=52
info|2019-12-11 20:37:53.329846|[g:1][CONSENSUS]addRawPrepare,height=68,reqIdx=3,hash=7b3d84c6...
info|2019-12-11 20:37:53.330128|[g:1][CONSENSUS][PBFT]checkTimeout Succ,view=52,toView=53,nodeIdx=1,changeCycle=0,myNode=828ee74c...,timecost=0.212
info|2019-12-11 20:37:53.341030|[g:1][CONSENSUS][PBFT]checkAndChangeView: Reach consensus,org_view=52,org_changeCycle=0,cur_changeCycle=0,to_view=53
info|2019-12-11 20:37:54.344600|[g:1][CONSENSUS]addRawPrepare,height=68,reqIdx=0,hash=60212677...
info|2019-12-11 20:37:54.344833|[g:1][CONSENSUS][PBFT]checkTimeout Succ,view=53,toView=54,nodeIdx=1,changeCycle=0,myNode=828ee74c...,timecost=0.207
info|2019-12-11 20:37:54.346753|[g:1][CONSENSUS][PBFT]checkAndChangeView: Reach consensus,org_view=53,org_changeCycle=0,cur_changeCycle=0,to_view=54
info|2019-12-11 20:37:55.348279|[g:1][CONSENSUS][SEALER]++++++++++++++++ Generating seal on,blkNum=68,tx=0,nodeIdx=1,hash=4228645c...
info|2019-12-11 20:37:55.356364|[g:1][CONSENSUS][PBFT]checkTimeout Succ,view=54,toView=55,nodeIdx=1,changeCycle=0,myNode=828ee74c...,timecost=0.224
info|2019-12-11 20:37:55.357445|[g:1][CONSENSUS][PBFT]checkAndChangeView: Reach consensus,org_view=54,org_change