[2019-12-09 14:50:50] Initializing...
FISCO-BCOS Version : 2.1.0
Build Time         : 20190923 13:22:09
Build Type         : Linux/clang/Release
Git Branch         : HEAD
Git Commit Hash    : cb68124d4fbf3df563a57dfff5f0c6eedc1419cc
[2019-12-09 14:50:52] The FISCO-BCOS is running...
[2019-12-09 15:05:22] FISCO-BCOS program exit normally.
[2019-12-09 16:45:03] Initializing...
FISCO-BCOS Version : 2.1.0
Build Time         : 20190923 13:22:09
Build Type         : Linux/clang/Release
Git Branch         : HEAD
Git Commit Hash    : cb68124d4fbf3df563a57dfff5f0c6eedc1419cc
[2019-12-09 16:45:04] The FISCO-BCOS is running...
[2019-12-10 23:01:38] Initializing...
FISCO-BCOS Version : 2.1.0
Build Time         : 20190923 13:22:09
Build Type         : Linux/clang/Release
Git Branch         : HEAD
Git Commit Hash    : cb68124d4fbf3df563a57dfff5f0c6eedc1419cc
[2019-12-10 23:01:39] The FISCO-BCOS is running...
[2019-12-11 17:18:59] Initializing...
FISCO-BCOS Version : 2.1.0
Build Time         : 20190923 13:22:09
Build Type         : Linux/clang/Release
Git Branch         : HEAD
Git Commit Hash    : cb68124d4fbf3df563a57dfff5f0c6eedc1419cc
[2019-12-11 17:19:00] The FISCO-BCOS is running...
[2019-12-11 18:17:36] FISCO-BCOS program exit normally.
[2019-12-11 19:24:22] Initializing...
FISCO-BCOS Version : 2.1.0
Build Time         : 20190923 13:22:09
Build Type         : Linux/clang/Release
Git Branch         : HEAD
Git Commit Hash    : cb68124d4fbf3df563a57dfff5f0c6eedc1419cc
[2019-12-11 19:24:23] The FISCO-BCOS is running...
[2019-12-11 20:36:45] Initializing...
FISCO-BCOS Version : 2.1.0
Build Time         : 20190923 13:22:09
Build Type         : Linux/clang/Release
Git Branch         : HEAD
Git Commit Hash    : cb68124d4fbf3df563a57dfff5f0c6eedc1419cc
[2019-12-11 20:36:46] The FISCO-BCOS is running...
[2019-12-11 20:39:18] FISCO-BCOS program exit normally.
[2019-12-11 20:40:18] Initializing...
FISCO-BCOS Version : 2.1.0
Build Time         : 20190923 13:22:09
Build Type         : Linux/clang/Release
Git Branch         : HEAD
Git Commit Hash    : cb68124d4fbf3df563a57dfff5f0c6eedc1419cc
[2019-12-11 20:40:19] The FISCO-BCOS is running...
[2019-12-11 20:42:27] FISCO-BCOS program exit normally.
[2019-12-11 20:42:51] Initializing...
FISCO-BCOS Version : 2.1.0
Build Time         : 20190923 13:22:09
Build Type         : Linux/clang/Release
Git Branch         : HEAD
Git Commit Hash    : cb68124d4fbf3df563a57dfff5f0c6eedc1419cc
[2019-12-11 20:42:51] The FISCO-BCOS is running...
[2019-12-11 20:44:40] FISCO-BCOS program exit normally.
[2019-12-11 20:44:50] Initializing...
FISCO-BCOS Version : 2.1.0
Build Time         : 20190923 13:22:09
Build Type         : Linux/clang/Release
Git Branch         : HEAD
Git Commit Hash    : cb68124d4fbf3df563a57dfff5f0c6eedc1419cc
[2019-12-11 20:44:50] The FISCO-BCOS is running...
[2019-12-11 20:46:19] FISCO-BCOS program exit normally.
[2019-12-11 20:48:28] Initializing...
FISCO-BCOS Version : 2.1.0
Build Time         : 20190923 13:22:09
Build Type         : Linux/clang/Release
Git Branch         : HEAD
Git Commit Hash    : cb68124d4fbf3df563a57dfff5f0c6eedc1419cc
[2019-12-11 20:48:29] The FISCO-BCOS is running...
[2019-12-12 14:27:27] Initializing...
FISCO-BCOS Version : 2.1.0
Build Time         : 20190923 13:22:09
Build Type         : Linux/clang/Release
Git Branch         : HEAD
Git Commit Hash    : cb68124d4fbf3df563a57dfff5f0c6eedc1419cc
[2019-12-12 14:27:29] The FISCO-BCOS is running...
[2019-12-12 18:47:31] Initializing...
FISCO-BCOS Version : 2.1.0
Build Time         : 20190923 13:22:09
Build Type         : Linux/clang/Release
Git Branch         : HEAD
Git Commit Hash    : cb68124d4fbf3df563a57dfff5f0c6eedc1419cc
[2019-12-12 18:47:33] The FISCO-BCOS is running...
[2019-12-13 12:14:41] FISCO-BCOS program exit normally.
