info|2019-12-11 20:37:14.969119|[g:1][CONSENSUS][PBFT]checkAndChangeView: Reach consensus,org_view=14,org_changeCycle=0,cur_changeCycle=0,to_view=15
info|2019-12-11 20:37:15.576718|[P2P][Service] heartBeat,connected count=3
info|2019-12-11 20:37:15.969407|[g:1][CONSENSUS][SEALER]++++++++++++++++ Generating seal on,blkNum=68,tx=0,nodeIdx=2,hash=cf056628...
info|2019-12-11 20:37:15.982600|[g:1][CONSENSUS][PBFT]checkTimeout Succ,view=15,toView=16,nodeIdx=2,changeCycle=0,myNode=c977f1b9...,timecost=0.219
info|2019-12-11 20:37:15.983617|[g:1][CONSENSUS][PBFT]checkAndChangeView: Reach consensus,org_view=15,org_changeCycle=0,cur_changeCycle=0,to_view=16
info|2019-12-11 20:37:16.986296|[g:1][CONSENSUS]addRawPrepare,height=68,reqIdx=3,hash=c180e3fd...
info|2019-12-11 20:37:16.986536|[g:1][CONSENSUS][PBFT]checkTimeout Succ,view=16,toView=17,nodeIdx=2,changeCycle=0,myNode=c977f1b9...,timecost=0.212
info|2019-12-11 20:37:16.991533|[g:1][CONSENSUS][PBFT]checkAndChangeView: Reach consensus,org_view=16,org_changeCycle=0,cur_changeCycle=0,to_view=17
info|2019-12-11 20:37:17.992417|[g:1][CONSENSUS]addRawPrepare,height=68,reqIdx=0,hash=7d088d9e...
info|2019-12-11 20:37:17.992742|[g:1][CONSENSUS][PBFT]checkTimeout Succ,view=17,toView=18,nodeIdx=2,changeCycle=0,myNode=c977f1b9...,timecost=0.256
info|2019-12-11 20:37:17.998782|[g:1][CONSENSUS][PBFT]checkAndChangeView: Reach consensus,org_view=17,org_changeCycle=0,cur_changeCycle=0,to_view=18
info|2019-12-11 20:37:19.001852|[g:1][CONSENSUS]addRawPrepare,height=68,reqIdx=1,hash=f763e197...
info|2019-12-11 20:37:19.002085|[g:1][CONSENSUS][PBFT]checkTimeout Succ,view=18,toView=19,nodeIdx=2,changeCycle=0,myNode=c977f1b9...,timecost=0.209
info|2019-12-11 20:37:19.006746|[g:1][CONSENSUS][PBFT]checkAndChangeView: Reach consensus,org_view=18,org_changeCycle=0,cur_changeCycle=0,to_view=19
info|2019-12-11 20:37:20.010746|[g:1][CONSENSUS][SEALER]++++++++++++++++ Generating seal on,blkNum=68,tx=0,nodeIdx=2,hash=2db3c065...
info|2019-12-11 20:37:20.018481|[g:1][CONSENSUS][PBFT]checkTimeout Succ,view=19,toView=20,nodeIdx=2,changeCycle=0,myNode=c977f1b9...,timecost=0.23
info|2019-12-11 20:37:20.019344|[g:1][CONSENSUS][PBFT]checkAndChangeView: Reach consensus,org_view=19,org_changeCycle=0,cur_changeCycle=0,to_view=20
info|2019-12-11 20:37:21.020480|[g:1][CONSENSUS]addRawPrepare,height=68,reqIdx=3,hash=d07868f9...
info|2019-12-11 20:37:21.020716|[g:1][CONSENSUS][PBFT]checkTimeout Succ,view=20,toView=21,nodeIdx=2,changeCycle=0,myNode=c977f1b9...,timecost=0.208
info|2019-12-11 20:37:21.022736|[g:1][CONSENSUS][PBFT]checkAndChangeView: Reach consensus,org_view=20,org_changeCycle=0,cur_changeCycle=0,to_view=21
info|2019-12-11 20:37:22.024803|[g:1][CONSENSUS]addRawPrepare,height=68,reqIdx=0,hash=62ff541b...
info|2019-12-11 20:37:22.028368|[g:1][CONSENSUS][PBFT]checkTimeout Succ,view=21,toView=22,nodeIdx=2,changeCycle=0,myNode=c977f1b9...,timecost=3.464
info|2019-12-11 20:37:22.029434|[g:1][CONSENSUS][PBFT]checkAndChangeView: Reach consensus,org_view=21,org_changeCycle=0,cur_changeCycle=0,to_view=22
info|2019-12-11 20:37:23.032130|[g:1][CONSENSUS]addRawPrepare,height=68,reqIdx=1,hash=4bbbaddf...
info|2019-12-11 20:37:23.032361|[g:1][CONSENSUS][PBFT]checkTimeout Succ,view=22,toView=23,nodeIdx=2,changeCycle=0,myNode=c977f1b9...,timecost=0.207
info|2019-12-11 20:37:23.034330|[g:1][CONSENSUS][PBFT]checkAndChangeView: Reach consensus,org_view=22,org_changeCycle=0,cur_changeCycle=0,to_view=23
info|2019-12-11 20:37:24.035724|[g:1][CONSENSUS][SEALER]++++++++++++++++ Generating seal on,blkNum=68,tx=0,nodeIdx=2,hash=9b32ff38...
info|2019-12-11 20:37:24.043039|[g:1][CONSENSUS][PBFT]checkTimeout Succ,view=23,toView=24,nodeIdx=2,changeCycle=0,myNode=c977f1b9...,timecost=0.215
info|2019-12-11 20:37:24.043976|[g:1][CONSENSUS][PBFT]checkAndChangeView: Reach consensus,org_view=23,org_changeCycle=0,cur_changeCycle=0,to_view=24
info|2019-12-11 20:37:25.048908|[g:1][CONSENSUS][PBFT]Trigger fast-viewchange,view=24,toView=24,minView=25,INFO=,reqNum=67,curNum=67,GenIdx=1,Cview=25,view=24,fromIdx=1,fromNode=828ee74c...,fromIp=127.0.0.1:559info|2019-12-11 20:37:33.125392|[g:1][CONSENSUS][PBFT]checkAndChangeView: Reach consensus,org_view=32,org_changeCycle=0,cur_changeCycle=0,to_view=33
info|2019-12-11 20:37:34.126506|[g:1][CONSENSUS]addRawPrepare,height=68,reqIdx=0,hash=623b23e8...
info|2019-12-11 20:37:34.126954|[g:1][CONSENSUS][PBFT]checkTimeout Succ,view=33,toView=34,nodeIdx=2,changeCycle=0,myNode=c977f1b9...,timecost=0.349
info|2019-12-11 20:37:34.136050|[g:1][CONSENSUS][PBFT]checkAndChangeView: Reach consensus,org_view=33,org_changeCycle=0,cur_changeCycle=0,to_view=34
info|2019-12-11 20:37:35.139888|[g:1][CONSENSUS]addRawPrepare,height=68,reqIdx=1,hash=8d2fe3bb...
info|2019-12-11 20:37:35.140156|[g:1][CONSENSUS][PBFT]checkTimeout Succ,view=34,toView=35,nodeIdx=2,changeCycle=0,myNode=c977f1b9...,timecost=0.199
info|2019-12-11 20:37:35.147905|[g:1][CONSENSUS][PBFT]checkAndChangeView: Reach consensus,org_view=34,org_changeCycle=0,cur_changeCycle=0,to_view=35
info|2019-12-11 20:37:35.577317|[P2P][Service] heartBeat,connected count=3
info|2019-12-11 20:37:36.149038|[g:1][CONSENSUS][SEALER]++++++++++++++++ Generating seal on,blkNum=68,tx=0,nodeIdx=2,hash=c666b4db...
info|2019-12-11 20:37:36.162468|[g:1][CONSENSUS][PBFT]checkTimeout Succ,view=35,toView=36,nodeIdx=2,changeCycle=0,myNode=c977f1b9...,timecost=0.219
info|2019-12-11 20:37:36.163489|[g:1][CONSENSUS][PBFT]checkAndChangeView: Reach consensus,org_view=35,org_changeCycle=0,cur_changeCycle=0,to_view=36
info|2019-12-11 20:37:37.165779|[g:1][CONSENSUS]addRawPrepare,height=68,reqIdx=3,hash=48c3cbad...
info|2019-12-11 20:37:37.166011|[g:1][CONSENSUS][PBFT]checkTimeout Succ,view=36,toView=37,nodeIdx=2,changeCycle=0,myNode=c977f1b9...,timecost=0.207
info|2019-12-11 20:37:37.167038|[g:1][CONSENSUS][PBFT]checkAndChangeView: Reach consensus,org_view=36,org_changeCycle=0,cur_changeCycle=0,to_view=37
info|2019-12-11 20:37:38.170806|[g:1][CONSENSUS]addRawPrepare,height=68,reqIdx=0,hash=bc36f327...
info|2019-12-11 20:37:38.171112|[g:1][CONSENSUS][PBFT]checkTimeout Succ,view=37,toView=38,nodeIdx=2,changeCycle=0,myNode=c977f1b9...,timecost=0.235
info|2019-12-11 20:37:38.176465|[g:1][CONSENSUS][PBFT]checkAndChangeView: Reach consensus,org_view=37,org_changeCycle=0,cur_changeCycle=0,to_view=38
info|2019-12-11 20:37:39.181214|[g:1][CONSENSUS]addRawPrepare,height=68,reqIdx=1,hash=291ad280...
info|2019-12-11 20:37:39.181459|[g:1][CONSENSUS][PBFT]checkTimeout Succ,view=38,toView=39,nodeIdx=2,changeCycle=0,myNode=c977f1b9...,timecost=0.216
info|2019-12-11 20:37:39.183411|[g:1][CONSENSUS][PBFT]checkAndChangeView: Reach consensus,org_view=38,org_changeCycle=0,cur_changeCycle=0,to_view=39
info|2019-12-11 20:37:40.184337|[g:1][CONSENSUS][SEALER]++++++++++++++++ Generating seal on,blkNum=68,tx=0,nodeIdx=2,hash=51304e51...
info|2019-12-11 20:37:40.198084|[g:1][CONSENSUS][PBFT]checkTimeout Succ,view=39,toView=40,nodeIdx=2,changeCycle=0,myNode=c977f1b9...,timecost=0.237
info|2019-12-11 20:37:40.198962|[g:1][CONSENSUS][PBFT]checkAndChangeView: Reach consensus,org_view=39,org_changeCycle=0,cur_changeCycle=0,to_view=40
info|2019-12-11 20:37:41.199084|[g:1][CONSENSUS]addRawPrepare,height=68,reqIdx=3,hash=80023bea...
info|2019-12-11 20:37:41.204912|[g:1][CONSENSUS][PBFT]checkTimeout Succ,view=40,toView=41,nodeIdx=2,changeCycle=0,myNode=c977f1b9...,timecost=5.772
info|2019-12-11 20:37:41.205556|[g:1][CONSENSUS][PBFT]checkAndChangeView: Reach consensus,org_view=40,org_changeCycle=0,cur_changeCycle=0,to_view=41
info|2019-12-11 20:37:42.208235|[g:1][CONSENSUS]addRawPrepare,height=68,reqIdx=0,hash=87c9fc2c...
info|2019-12-11 20:37:42.208614|[g:1][CONSENSUS][PBFT]checkTimeout Succ,view=41,toView=42,nodeIdx=2,changeCycle=0,myNode=c977f1b9...,timecost=0.218
info|2019-12-11 20:37:42.214610|[g:1][CONSENSUS][PBFT]checkAndChangeView: Reach consensus,org_view=41,org_changeCycle=0,cur_changeCycle=0,to_view=42
info|2019-12-11 20:37:43.222470|[g:1][CONSENSUS]addRawPrepare,height=68,reqIdx=1,hash=b5393a27...
info|2019-12-11 20:37:43.222881|[g:1][CONSENSUS][PBFT]checkTimeout Succ,view=42,toView=43,nodeIdx=2,changeCycle=0,myNode=c977f1b9...,timecost=0.334