info|2019-12-11 20:43:04.522986|[g:1][CONSENSUS][PBFT]checkAndChangeView: Reach consensus,org_view=6,org_changeCycle=0,cur_changeCycle=0,to_view=7
info|2019-12-11 20:43:05.522274|[g:1][CONSENSUS][SEALER]++++++++++++++++ Generating seal on,blkNum=70,tx=0,nodeIdx=0,hash=6a7afccb...
info|2019-12-11 20:43:05.530100|[g:1][CONSENSUS][PBFT]checkTimeout Succ,view=7,toView=8,nodeIdx=0,changeCycle=0,myNode=422659d6...,timecost=0.215
info|2019-12-11 20:43:05.531136|[g:1][CONSENSUS][PBFT]checkAndChangeView: Reach consensus,org_view=7,org_changeCycle=0,cur_changeCycle=0,to_view=8
info|2019-12-11 20:43:06.530081|[g:1][CONSENSUS]addRawPrepare,height=70,reqIdx=1,hash=fa7950d1...
info|2019-12-11 20:43:06.530328|[g:1][CONSENSUS][PBFT]checkTimeout Succ,view=8,toView=9,nodeIdx=0,changeCycle=0,myNode=422659d6...,timecost=0.216
info|2019-12-11 20:43:06.536733|[g:1][CONSENSUS][PBFT]checkAndChangeView: Reach consensus,org_view=8,org_changeCycle=0,cur_changeCycle=0,to_view=9
info|2019-12-11 20:43:07.540493|[g:1][CONSENSUS]addRawPrepare,height=70,reqIdx=2,hash=780fbf74...
info|2019-12-11 20:43:07.540733|[g:1][CONSENSUS][PBFT]checkTimeout Succ,view=9,toView=10,nodeIdx=0,changeCycle=0,myNode=422659d6...,timecost=0.211
info|2019-12-11 20:43:07.551130|[g:1][CONSENSUS][PBFT]checkAndChangeView: Reach consensus,org_view=9,org_changeCycle=0,cur_changeCycle=0,to_view=10
info|2019-12-11 20:43:08.549142|[g:1][CONSENSUS]addRawPrepare,height=70,reqIdx=3,hash=f1893c61...
info|2019-12-11 20:43:08.549379|[g:1][CONSENSUS][PBFT]checkTimeout Succ,view=10,toView=11,nodeIdx=0,changeCycle=0,myNode=422659d6...,timecost=0.212
info|2019-12-11 20:43:08.552970|[g:1][CONSENSUS][PBFT]checkAndChangeView: Reach consensus,org_view=10,org_changeCycle=0,cur_changeCycle=0,to_view=11
info|2019-12-11 20:43:09.556428|[g:1][CONSENSUS][SEALER]++++++++++++++++ Generating seal on,blkNum=70,tx=0,nodeIdx=0,hash=6e44444c...
info|2019-12-11 20:43:09.566258|[g:1][CONSENSUS][PBFT]checkTimeout Succ,view=11,toView=12,nodeIdx=0,changeCycle=0,myNode=422659d6...,timecost=0.218
info|2019-12-11 20:43:09.567460|[g:1][CONSENSUS][PBFT]checkAndChangeView: Reach consensus,org_view=11,org_changeCycle=0,cur_changeCycle=0,to_view=12
info|2019-12-11 20:43:10.569475|[g:1][CONSENSUS]addRawPrepare,height=70,reqIdx=1,hash=fe9ce394...
info|2019-12-11 20:43:10.569793|[g:1][CONSENSUS][PBFT]checkTimeout Succ,view=12,toView=13,nodeIdx=0,changeCycle=0,myNode=422659d6...,timecost=0.285
info|2019-12-11 20:43:10.572525|[g:1][CONSENSUS][PBFT]checkAndChangeView: Reach consensus,org_view=12,org_changeCycle=0,cur_changeCycle=0,to_view=13
info|2019-12-11 20:43:11.574529|[g:1][CONSENSUS]addRawPrepare,height=70,reqIdx=2,hash=8125b573...
info|2019-12-11 20:43:11.574760|[g:1][CONSENSUS][PBFT]checkTimeout Succ,view=13,toView=14,nodeIdx=0,changeCycle=0,myNode=422659d6...,timecost=0.208
info|2019-12-11 20:43:11.582871|[g:1][CONSENSUS][PBFT]checkAndChangeView: Reach consensus,org_view=13,org_changeCycle=0,cur_changeCycle=0,to_view=14
info|2019-12-11 20:43:11.667765|[P2P][Service] heartBeat,connected count=3
info|2019-12-11 20:43:12.587261|[g:1][CONSENSUS]addRawPrepare,height=70,reqIdx=3,hash=1671c7db...
info|2019-12-11 20:43:12.587511|[g:1][CONSENSUS][PBFT]checkTimeout Succ,view=14,toView=15,nodeIdx=0,changeCycle=0,myNode=422659d6...,timecost=0.255
info|2019-12-11 20:43:12.588096|[g:1][CONSENSUS][PBFT]checkAndChangeView: Reach consensus,org_view=14,org_changeCycle=0,cur_changeCycle=0,to_view=15
info|2019-12-11 20:43:13.588204|[g:1][CONSENSUS][SEALER]++++++++++++++++ Generating seal on,blkNum=70,tx=0,nodeIdx=0,hash=687e2e29...
info|2019-12-11 20:43:13.597331|[g:1][CONSENSUS][PBFT]checkTimeout Succ,view=15,toView=16,nodeIdx=0,changeCycle=0,myNode=422659d6...,timecost=0.229
info|2019-12-11 20:43:13.598556|[g:1][CONSENSUS][PBFT]checkAndChangeView: Reach consensus,org_view=15,org_changeCycle=0,cur_changeCycle=0,to_view=16
info|2019-12-11 20:43:14.598373|[g:1][CONSENSUS]addRawPrepare,height=70,reqIdx=1,hash=79921945...
info|2019-12-11 20:43:14.598730|[g:1][CONSENSUS][PBFT]checkTimeout Succ,view=16,toView=17,nodeIdx=0,changeCycle=0,myNode=42