info|2019-12-11 20:37:33.124964|[g:1][CONSENSUS][PBFT]checkAndChangeView: Reach consensus,org_view=32,org_changeCycle=0,cur_changeCycle=0,to_view=33
info|2019-12-11 20:37:34.125535|[g:1][CONSENSUS][SEALER]++++++++++++++++ Generating seal on,blkNum=68,tx=0,nodeIdx=0,hash=623b23e8...
info|2019-12-11 20:37:34.140989|[g:1][CONSENSUS][PBFT]checkTimeout Succ,view=33,toView=34,nodeIdx=0,changeCycle=0,myNode=422659d6...,timecost=0.226
info|2019-12-11 20:37:34.143965|[g:1][CONSENSUS][PBFT]checkAndChangeView: Reach consensus,org_view=33,org_changeCycle=0,cur_changeCycle=0,to_view=34
info|2019-12-11 20:37:35.182823|[g:1][CONSENSUS][PBFT]Trigger fast-viewchange,view=34,toView=34,minView=35,INFO=,reqNum=67,curNum=67,GenIdx=1,Cview=35,view=34,fromIdx=1,fromNode=828ee74c...,fromIp=127.0.0.1:30300,hash=2371ab01...,nodeIdx=0,myNode=422659d6...
info|2019-12-11 20:37:35.183195|[g:1][CONSENSUS][PBFT]checkAndChangeView: Reach consensus,org_view=34,org_changeCycle=0,cur_changeCycle=0,to_view=35
info|2019-12-11 20:37:35.183207|[g:1][CONSENSUS][PBFT]checkTimeout Succ,view=35,toView=35,nodeIdx=0,changeCycle=0,myNode=422659d6...,timecost=0.286
info|2019-12-11 20:37:35.577835|[P2P][Service] heartBeat,connected count=3
info|2019-12-11 20:37:36.151628|[g:1][CONSENSUS]addRawPrepare,height=68,reqIdx=2,hash=c666b4db...
info|2019-12-11 20:37:36.151932|[g:1][CONSENSUS][PBFT]checkTimeout Succ,view=35,toView=36,nodeIdx=0,changeCycle=0,myNode=422659d6...,timecost=0.28
info|2019-12-11 20:37:36.156639|[g:1][CONSENSUS][PBFT]checkAndChangeView: Reach consensus,org_view=35,org_changeCycle=0,cur_changeCycle=0,to_view=36
info|2019-12-11 20:37:37.164880|[g:1][CONSENSUS]addRawPrepare,height=68,reqIdx=3,hash=48c3cbad...
info|2019-12-11 20:37:37.165120|[g:1][CONSENSUS][PBFT]checkTimeout Succ,view=36,toView=37,nodeIdx=0,changeCycle=0,myNode=422659d6...,timecost=0.214
info|2019-12-11 20:37:37.168638|[g:1][CONSENSUS][PBFT]checkAndChangeView: Reach consensus,org_view=36,org_changeCycle=0,cur_changeCycle=0,to_view=37
info|2019-12-11 20:37:38.170145|[g:1][CONSENSUS][SEALER]++++++++++++++++ Generating seal on,blkNum=68,tx=0,nodeIdx=0,hash=bc36f327...
info|2019-12-11 20:37:38.178085|[g:1][CONSENSUS][PBFT]checkTimeout Succ,view=37,toView=38,nodeIdx=0,changeCycle=0,myNode=422659d6...,timecost=0.248
info|2019-12-11 20:37:38.179174|[g:1][CONSENSUS][PBFT]checkAndChangeView: Reach consensus,org_view=37,org_changeCycle=0,cur_changeCycle=0,to_view=38
info|2019-12-11 20:37:39.180905|[g:1][CONSENSUS]addRawPrepare,height=68,reqIdx=1,hash=291ad280...
info|2019-12-11 20:37:39.182196|[g:1][CONSENSUS][PBFT]checkTimeout Succ,view=38,toView=39,nodeIdx=0,changeCycle=0,myNode=422659d6...,timecost=0.382
info|2019-12-11 20:37:39.184531|[g:1][CONSENSUS][PBFT]checkAndChangeView: Reach consensus,org_view=38,org_changeCycle=0,cur_changeCycle=0,to_view=39
info|2019-12-11 20:37:40.191207|[g:1][CONSENSUS]addRawPrepare,height=68,reqIdx=2,hash=51304e51...
info|2019-12-11 20:37:40.191480|[g:1][CONSENSUS][PBFT]checkTimeout Succ,view=39,toView=40,nodeIdx=0,changeCycle=0,myNode=422659d6...,timecost=0.225
info|2019-12-11 20:37:40.191906|[g:1][CONSENSUS][PBFT]checkAndChangeView: Reach consensus,org_view=39,org_changeCycle=0,cur_changeCycle=0,to_view=40
info|2019-12-11 20:37:41.198487|[g:1][CONSENSUS]addRawPrepare,height=68,reqIdx=3,hash=80023bea...
info|2019-12-11 20:37:41.201558|[g:1][CONSENSUS][PBFT]checkTimeout Succ,view=40,toView=41,nodeIdx=0,changeCycle=0,myNode=422659d6...,timecost=0.35
info|2019-12-11 20:37:41.207111|[g:1][CONSENSUS][PBFT]checkAndChangeView: Reach consensus,org_view=40,org_changeCycle=0,cur_changeCycle=0,to_view=41
info|2019-12-11 20:37:42.207386|[g:1][CONSENSUS][SEALER]++++++++++++++++ Generating seal on,blkNum=68,tx=0,nodeIdx=0,hash=87c9fc2c...
info|2019-12-11 20:37:42.221083|[g:1][CONSENSUS][PBFT]checkTimeout Succ,view=41,toView=42,nodeIdx=0,changeCycle=0,myNode=422659d6...,timecost=0.378
info|2019-12-11 20:37:42.222045|[g:1][CONSENSUS][PBFT]checkAndChangeView: Reach consensus,org_view=41,org_changeCycle=0,cur_changeCycle=0,to_view=42
info|2019-12-11 20:37:43.223255|[g:1][CONSENSUS]adinfo|2019-12-11 20:37:45.578184|[P2P][Service] heartBeat,connected count=3
info|2019-12-11 20:37:46.258700|[g:1][CONSENSUS][SEALER]++++++++++++++++ Generating seal on,blkNum=68,tx=0,nodeIdx=0,hash=8b79812c...
info|2019-12-11 20:37:46.267619|[g:1][CONSENSUS][PBFT]checkTimeout Succ,view=45,toView=46,nodeIdx=0,changeCycle=0,myNode=422659d6...,timecost=0.312
info|2019-12-11 20:37:46.271005|[g:1][CONSENSUS][PBFT]checkAndChangeView: Reach consensus,org_view=45,org_changeCycle=0,cur_changeCycle=0,to_view=46
info|2019-12-11 20:37:47.271455|[g:1][CONSENSUS]addRawPrepare,height=68,reqIdx=1,hash=71b2de6d...
info|2019-12-11 20:37:47.271710|[g:1][CONSENSUS][PBFT]checkTimeout Succ,view=46,toView=47,nodeIdx=0,changeCycle=0,myNode=422659d6...,timecost=0.224
info|2019-12-11 20:37:47.276887|[g:1][CONSENSUS][PBFT]checkAndChangeView: Reach consensus,org_view=46,org_changeCycle=0,cur_changeCycle=0,to_view=47
info|2019-12-11 20:37:48.282099|[g:1][CONSENSUS]addRawPrepare,height=68,reqIdx=2,hash=417b1f38...
info|2019-12-11 20:37:48.282334|[g:1][CONSENSUS][PBFT]checkTimeout Succ,view=47,toView=48,nodeIdx=0,changeCycle=0,myNode=422659d6...,timecost=0.208
info|2019-12-11 20:37:48.284634|[g:1][CONSENSUS][PBFT]checkAndChangeView: Reach consensus,org_view=47,org_changeCycle=0,cur_changeCycle=0,to_view=48
info|2019-12-11 20:37:49.289929|[g:1][CONSENSUS]addRawPrepare,height=68,reqIdx=3,hash=1de7ca68...
info|2019-12-11 20:37:49.290165|[g:1][CONSENSUS][PBFT]checkTimeout Succ,view=48,toView=49,nodeIdx=0,changeCycle=0,myNode=422659d6...,timecost=0.211
info|2019-12-11 20:37:49.296176|[g:1][CONSENSUS][PBFT]checkAndChangeView: Reach consensus,org_view=48,org_changeCycle=0,cur_changeCycle=0,to_view=49
info|2019-12-11 20:37:50.296824|[g:1][CONSENSUS][SEALER]++++++++++++++++ Generating seal on,blkNum=68,tx=0,nodeIdx=0,hash=f57c2f62...
info|2019-12-11 20:37:50.313004|[g:1][CONSENSUS][PBFT]checkTimeout Succ,view=49,toView=50,nodeIdx=0,changeCycle=0,myNode=422659d6...,timecost=0.219
info|2019-12-11 20:37:50.316343|[g:1][CONSENSUS][PBFT]checkAndChangeView: Reach consensus,org_view=49,org_changeCycle=0,cur_changeCycle=0,to_view=50
info|2019-12-11 20:37:51.313873|[g:1][CONSENSUS]addRawPrepare,height=68,reqIdx=1,hash=9e44512f...
info|2019-12-11 20:37:51.314109|[g:1][CONSENSUS][PBFT]checkTimeout Succ,view=50,toView=51,nodeIdx=0,changeCycle=0,myNode=422659d6...,timecost=0.211
info|2019-12-11 20:37:51.316332|[g:1][CONSENSUS][PBFT]checkAndChangeView: Reach consensus,org_view=50,org_changeCycle=0,cur_changeCycle=0,to_view=51
info|2019-12-11 20:37:52.326245|[g:1][CONSENSUS]addRawPrepare,height=68,reqIdx=2,hash=8fdbf7d9...
info|2019-12-11 20:37:52.326512|[g:1][CONSENSUS][PBFT]checkTimeout Succ,view=51,toView=52,nodeIdx=0,changeCycle=0,myNode=422659d6...,timecost=0.272
info|2019-12-11 20:37:52.329331|[g:1][CONSENSUS][PBFT]checkAndChangeView: Reach consensus,org_view=51,org_changeCycle=0,cur_changeCycle=0,to_view=52
info|2019-12-11 20:37:53.330787|[g:1][CONSENSUS]addRawPrepare,height=68,reqIdx=3,hash=7b3d84c6...
info|2019-12-11 20:37:53.331024|[g:1][CONSENSUS][PBFT]checkTimeout Succ,view=52,toView=53,nodeIdx=0,changeCycle=0,myNode=422659d6...,timecost=0.212
info|2019-12-11 20:37:53.332990|[g:1][CONSENSUS][PBFT]checkAndChangeView: Reach consensus,org_view=52,org_changeCycle=0,cur_changeCycle=0,to_view=53
info|2019-12-11 20:37:54.342129|[g:1][CONSENSUS][SEALER]++++++++++++++++ Generating seal on,blkNum=68,tx=0,nodeIdx=0,hash=60212677...
info|2019-12-11 20:37:54.349002|[g:1][CONSENSUS][PBFT]checkTimeout Succ,view=53,toView=54,nodeIdx=0,changeCycle=0,myNode=422659d6...,timecost=0.218
info|2019-12-11 20:37:54.350193|[g:1][CONSENSUS][PBFT]checkAndChangeView: Reach consensus,org_view=53,org_changeCycle=0,cur_changeCycle=0,to_view=54
info|2019-12-11 20:37:55.350278|[g:1][CONSENSUS]addRawPrepare,height=68,reqIdx=1,hash=4228645c...
info|2019-12-11 20:37:55.350516|[g:1][CONSENSUS][PBFT]checkTimeout Succ,view=54,toView=55,nodeIdx=0,changeCycle=0,myNode=422659d6...,timecost=0.213
info|2019-12-11 20:37:55.352885|[g:1][CONSENSUS][PBFT]checkAndChangeView: Reach consensus,org_view=54,org_change