info|2019-12-11 20:37:45.585995|[P2P][Service] heartBeat,connected count=3
info|2019-12-11 20:37:46.265310|[g:1][CONSENSUS]addRawPrepare,height=68,reqIdx=0,hash=8b79812c...
info|2019-12-11 20:37:46.265548|[g:1][CONSENSUS][PBFT]checkTimeout Succ,view=45,toView=46,nodeIdx=3,changeCycle=0,myNode=c9f8a9aa...,timecost=0.213
info|2019-12-11 20:37:46.268327|[g:1][CONSENSUS][PBFT]checkAndChangeView: Reach consensus,org_view=45,org_changeCycle=0,cur_changeCycle=0,to_view=46
info|2019-12-11 20:37:47.270200|[g:1][CONSENSUS]addRawPrepare,height=68,reqIdx=1,hash=71b2de6d...
info|2019-12-11 20:37:47.270499|[g:1][CONSENSUS][PBFT]checkTimeout Succ,view=46,toView=47,nodeIdx=3,changeCycle=0,myNode=c9f8a9aa...,timecost=0.204
info|2019-12-11 20:37:47.276729|[g:1][CONSENSUS][PBFT]checkAndChangeView: Reach consensus,org_view=46,org_changeCycle=0,cur_changeCycle=0,to_view=47
info|2019-12-11 20:37:48.280753|[g:1][CONSENSUS]addRawPrepare,height=68,reqIdx=2,hash=417b1f38...
info|2019-12-11 20:37:48.282894|[g:1][CONSENSUS][PBFT]checkTimeout Succ,view=47,toView=48,nodeIdx=3,changeCycle=0,myNode=c9f8a9aa...,timecost=2.071
info|2019-12-11 20:37:48.285436|[g:1][CONSENSUS][PBFT]checkAndChangeView: Reach consensus,org_view=47,org_changeCycle=0,cur_changeCycle=0,to_view=48
info|2019-12-11 20:37:49.288230|[g:1][CONSENSUS][SEALER]++++++++++++++++ Generating seal on,blkNum=68,tx=0,nodeIdx=3,hash=1de7ca68...
info|2019-12-11 20:37:49.300782|[g:1][CONSENSUS][PBFT]checkTimeout Succ,view=48,toView=49,nodeIdx=3,changeCycle=0,myNode=c9f8a9aa...,timecost=0.274
info|2019-12-11 20:37:49.301903|[g:1][CONSENSUS][PBFT]checkAndChangeView: Reach consensus,org_view=48,org_changeCycle=0,cur_changeCycle=0,to_view=49
info|2019-12-11 20:37:50.300253|[g:1][CONSENSUS]addRawPrepare,height=68,reqIdx=0,hash=f57c2f62...
info|2019-12-11 20:37:50.300496|[g:1][CONSENSUS][PBFT]checkTimeout Succ,view=49,toView=50,nodeIdx=3,changeCycle=0,myNode=c9f8a9aa...,timecost=0.216
info|2019-12-11 20:37:50.307198|[g:1][CONSENSUS][PBFT]checkAndChangeView: Reach consensus,org_view=49,org_changeCycle=0,cur_changeCycle=0,to_view=50
info|2019-12-11 20:37:51.312623|[g:1][CONSENSUS]addRawPrepare,height=68,reqIdx=1,hash=9e44512f...
info|2019-12-11 20:37:51.312929|[g:1][CONSENSUS][PBFT]checkTimeout Succ,view=50,toView=51,nodeIdx=3,changeCycle=0,myNode=c9f8a9aa...,timecost=0.206
info|2019-12-11 20:37:51.321144|[g:1][CONSENSUS][PBFT]checkAndChangeView: Reach consensus,org_view=50,org_changeCycle=0,cur_changeCycle=0,to_view=51
info|2019-12-11 20:37:52.323435|[g:1][CONSENSUS]addRawPrepare,height=68,reqIdx=2,hash=8fdbf7d9...
info|2019-12-11 20:37:52.323768|[g:1][CONSENSUS][PBFT]checkTimeout Succ,view=51,toView=52,nodeIdx=3,changeCycle=0,myNode=c9f8a9aa...,timecost=0.207
info|2019-12-11 20:37:52.329539|[g:1][CONSENSUS][PBFT]checkAndChangeView: Reach consensus,org_view=51,org_changeCycle=0,cur_changeCycle=0,to_view=52
info|2019-12-11 20:37:53.329124|[g:1][CONSENSUS][SEALER]++++++++++++++++ Generating seal on,blkNum=68,tx=0,nodeIdx=3,hash=7b3d84c6...
info|2019-12-11 20:37:53.342760|[g:1][CONSENSUS][PBFT]checkTimeout Succ,view=52,toView=53,nodeIdx=3,changeCycle=0,myNode=c9f8a9aa...,timecost=0.22
info|2019-12-11 20:37:53.343762|[g:1][CONSENSUS][PBFT]checkAndChangeView: Reach consensus,org_view=52,org_changeCycle=0,cur_changeCycle=0,to_view=53
info|2019-12-11 20:37:54.344001|[g:1][CONSENSUS]addRawPrepare,height=68,reqIdx=0,hash=60212677...
info|2019-12-11 20:37:54.344236|[g:1][CONSENSUS][PBFT]checkTimeout Succ,view=53,toView=54,nodeIdx=3,changeCycle=0,myNode=c9f8a9aa...,timecost=0.21
info|2019-12-11 20:37:54.346060|[g:1][CONSENSUS][PBFT]checkAndChangeView: Reach consensus,org_view=53,org_changeCycle=0,cur_changeCycle=0,to_view=54
info|2019-12-11 20:37:55.349166|[g:1][CONSENSUS]addRawPrepare,height=68,reqIdx=1,hash=4228645c...
info|2019-12-11 20:37:55.349463|[g:1][CONSENSUS][PBFT]checkTimeout Succ,view=54,toView=55,nodeIdx=3,changeCycle=0,myNode=c9f8a9aa...,timecost=0.206
info|2019-12-11 20:37:55.353658|[g:1][CONSENSUS][PBFT]checkAndChangeView: Reach consensus,org_view=54,org_changeCycle=0,cur_changeCycle=0,to_view=55
i